# JRE version: OpenJDK Runtime Environment (21.0.10) (build 21.0.10+-14961533-b1163.108)
# Java VM: OpenJDK 64-Bit Server VM (21.0.10+-14961533-b1163.108, mixed mode, tiered, compressed oops, compressed class ptrs, g1 gc, windows-amd64)
GC Precious Log:
 CardTable entry size: 512
 Card Set container configuration: InlinePtr #cards 5 size 8 Array Of Cards #cards 12 size 40 Howl #buckets 4 coarsen threshold 1843 Howl Bitmap #cards 512 size 80 coarsen threshold 460 Card regions per heap region 1 cards per card region 2048
 CPUs: 8 total, 8 available
 Memory: 16168M
 Large Page Support: Disabled
 NUMA Support: Disabled
 Compressed Oops: Enabled (32-bit)
 Heap Region Size: 1M
 Heap Min Capacity: 256M
 Heap Initial Capacity: 256M
 Heap Max Capacity: 512M
 Pre-touch: Disabled
 Parallel Workers: 8
 Concurrent Workers: 2
 Concurrent Refinement Workers: 8
 Periodic GC: Disabled
Heap:
 garbage-first heap   total 288768K, used 219643K [0x00000000e0000000, 0x0000000100000000)
  region size 1024K, 57 young (58368K), 10 survivors (10240K)
 Metaspace       used 145859K, committed 148288K, reserved 458752K
  class space    used 19421K, committed 20608K, reserved 327680K
GC Heap History (20 events):
Event: 9.761 GC heap before
{Heap before GC invocations=7 (full 0):
 garbage-first heap   total 262144K, used 139736K [0x00000000e0000000, 0x0000000100000000)
  region size 1024K, 96 young (98304K), 20 survivors (20480K)
 Metaspace       used 58575K, committed 60096K, reserved 393216K
  class space    used 8227K, committed 8960K, reserved 327680K
}
Event: 9.775 GC heap after
{Heap after GC invocations=8 (full 0):
 garbage-first heap   total 262144K, used 71311K [0x00000000e0000000, 0x0000000100000000)
  region size 1024K, 9 young (9216K), 9 survivors (9216K)
 Metaspace       used 58575K, committed 60096K, reserved 393216K
  class space    used 8227K, committed 8960K, reserved 327680K
}
Event: 12.177 GC heap before
{Heap before GC invocations=9 (full 0):
 garbage-first heap   total 262144K, used 219791K [0x00000000e0000000, 0x0000000100000000)
  region size 1024K, 153 young (156672K), 9 survivors (9216K)
 Metaspace       used 73145K, committed 75008K, reserved 393216K
  class space    used 10367K, committed 11264K, reserved 327680K
}
Event: 12.190 GC heap after
{Heap after GC invocations=10 (full 0):
 garbage-first heap   total 262144K, used 76426K [0x00000000e0000000, 0x0000000100000000)
  region size 1024K, 14 young (14336K), 14 survivors (14336K)
 Metaspace       used 73145K, committed 75008K, reserved 393216K
  class space    used 10367K, committed 11264K, reserved 327680K
}
Event: 13.612 GC heap before
{Heap before GC invocations=10 (full 0):
 garbage-first heap   total 262144K, used 217738K [0x00000000e0000000, 0x0000000100000000)
  region size 1024K, 153 young (156672K), 14 survivors (14336K)
 Metaspace       used 75168K, committed 76992K, reserved 458752K
  class space    used 10560K, committed 11456K, reserved 327680K
}
Event: 13.627 GC heap after
{Heap after GC invocations=11 (full 0):
 garbage-first heap   total 262144K, used 83218K [0x00000000e0000000, 0x0000000100000000)
  region size 1024K, 16 young (16384K), 16 survivors (16384K)
 Metaspace       used 75168K, committed 76992K, reserved 458752K
  class space    used 10560K, committed 11456K, reserved 327680K
}
Event: 15.741 GC heap before
{Heap before GC invocations=11 (full 0):
 garbage-first heap   total 262144K, used 232722K [0x00000000e0000000, 0x0000000100000000)
  region size 1024K, 153 young (156672K), 16 survivors (16384K)
 Metaspace       used 87234K, committed 89088K, reserved 458752K
  class space    used 12557K, committed 13504K, reserved 327680K
}
Event: 15.755 GC heap after
{Heap after GC invocations=12 (full 0):
 garbage-first heap   total 262144K, used 101376K [0x00000000e0000000, 0x0000000100000000)
  region size 1024K, 18 young (18432K), 18 survivors (18432K)
 Metaspace       used 87234K, committed 89088K, reserved 458752K
  class space    used 12557K, committed 13504K, reserved 327680K
}
Event: 17.223 GC heap before
{Heap before GC invocations=12 (full 0):
 garbage-first heap   total 262144K, used 238592K [0x00000000e0000000, 0x0000000100000000)
  region size 1024K, 145 young (148480K), 18 survivors (18432K)
 Metaspace       used 92552K, committed 94528K, reserved 458752K
  class space    used 13209K, committed 14144K, reserved 327680K
}
Event: 17.266 GC heap after
{Heap after GC invocations=13 (full 0):
 garbage-first heap   total 288768K, used 132821K [0x00000000e0000000, 0x0000000100000000)
  region size 1024K, 19 young (19456K), 19 survivors (19456K)
 Metaspace       used 92552K, committed 94528K, reserved 458752K
  class space    used 13209K, committed 14144K, reserved 327680K
}
Event: 18.553 GC heap before
{Heap before GC invocations=13 (full 0):
 garbage-first heap   total 288768K, used 202453K [0x00000000e0000000, 0x0000000100000000)
  region size 1024K, 81 young (82944K), 19 survivors (19456K)
 Metaspace       used 98697K, committed 100608K, reserved 458752K
  class space    used 13923K, committed 14848K, reserved 327680K
}
Event: 18.572 GC heap after
{Heap after GC invocations=14 (full 0):
 garbage-first heap   total 288768K, used 146895K [0x00000000e0000000, 0x0000000100000000)
  region size 1024K, 6 young (6144K), 6 survivors (6144K)
 Metaspace       used 98697K, committed 100608K, reserved 458752K
  class space    used 13923K, committed 14848K, reserved 327680K
}
Event: 21.648 GC heap before
{Heap before GC invocations=15 (full 0):
 garbage-first heap   total 288768K, used 243151K [0x00000000e0000000, 0x0000000100000000)
  region size 1024K, 101 young (103424K), 6 survivors (6144K)
 Metaspace       used 110795K, committed 113024K, reserved 458752K
  class space    used 15357K, committed 16448K, reserved 327680K
}
Event: 21.660 GC heap after
{Heap after GC invocations=16 (full 0):
 garbage-first heap   total 288768K, used 150570K [0x00000000e0000000, 0x0000000100000000)
  region size 1024K, 11 young (11264K), 11 survivors (11264K)
 Metaspace       used 110795K, committed 113024K, reserved 458752K
  class space    used 15357K, committed 16448K, reserved 327680K
}
Event: 24.096 GC heap before
{Heap before GC invocations=16 (full 0):
 garbage-first heap   total 288768K, used 250922K [0x00000000e0000000, 0x0000000100000000)
  region size 1024K, 108 young (110592K), 11 survivors (11264K)
 Metaspace       used 118259K, committed 120512K, reserved 458752K
  class space    used 16314K, committed 17408K, reserved 327680K
}
Event: 24.112 GC heap after
{Heap after GC invocations=17 (full 0):
 garbage-first heap   total 288768K, used 154878K [0x00000000e0000000, 0x0000000100000000)
  region size 1024K, 11 young (11264K), 11 survivors (11264K)
 Metaspace       used 118259K, committed 120512K, reserved 458752K
  class space    used 16314K, committed 17408K, reserved 327680K
}
Event: 26.339 GC heap before
{Heap before GC invocations=17 (full 0):
 garbage-first heap   total 288768K, used 253182K [0x00000000e0000000, 0x0000000100000000)
  region size 1024K, 108 young (110592K), 11 survivors (11264K)
 Metaspace       used 132318K, committed 134592K, reserved 458752K
  class space    used 17764K, committed 18880K, reserved 327680K
}
Event: 26.353 GC heap after
{Heap after GC invocations=18 (full 0):
 garbage-first heap   total 288768K, used 160760K [0x00000000e0000000, 0x0000000100000000)
  region size 1024K, 12 young (12288K), 12 survivors (12288K)
 Metaspace       used 132318K, committed 134592K, reserved 458752K
  class space    used 17764K, committed 18880K, reserved 327680K
}
Event: 28.378 GC heap before
{Heap before GC invocations=19 (full 0):
 garbage-first heap   total 288768K, used 262136K [0x00000000e0000000, 0x0000000100000000)
  region size 1024K, 108 young (110592K), 12 survivors (12288K)
 Metaspace       used 141714K, committed 144128K, reserved 458752K
  class space    used 18811K, committed 19968K, reserved 327680K
}
Event: 28.389 GC heap after
{Heap after GC invocations=20 (full 0):
 garbage-first heap   total 288768K, used 168443K [0x00000000e0000000, 0x0000000100000000)
  region size 1024K, 10 young (10240K), 10 survivors (10240K)
 Metaspace       used 141714K, committed 144128K, reserved 458752K
  class space    used 18811K, committed 19968K, reserved 327680K
}

